Arguments: 
  E:\studies\Own studies\Testing\npm\node.exe E:\studies\Own studies\Testing\Yarn\bin\yarn.js add --dev @wdio/local-runner @wdio/mocha-framework @wdio/dot-reporter @wdio/selenium-standalone-service @wdio/sync

PATH: 
  C:\Users\Sage\bin;E:\Program Files\Git\mingw64\bin;E:\Program Files\Git\usr\local\bin;E:\Program Files\Git\usr\bin;E:\Program Files\Git\usr\bin;E:\Program Files\Git\mingw64\bin;E:\Program Files\Git\usr\bin;C:\Users\Sage\bin;C:\ProgramData\DockerDesktop\version-bin;C:\Program Files\Docker\Docker\Resources\bin;C:\ProgramData\Oracle\Java\javapath;C:\Program Files (x86)\Common Files\Oracle\Java\javapath;C:\Python34;C:\WINDOWS\system32;C:\WINDOWS;C:\WINDOWS\System32\Wbem;C:\WINDOWS\System32\WindowsPowerShell\v1.0;C:\Program Files (x86)\NVIDIA Corporation\PhysX\Common;C:\WINDOWS\system32;C:\WINDOWS;C:\WINDOWS\System32\Wbem;C:\WINDOWS\System32\WindowsPowerShell\v1.0;C:\Program Files (x86)\GtkSharp\2.12\bin;C:\Program Files\dotnet;C:\WINDOWS\System32\OpenSSH;E:\studies\Own studies\Testing\Yarn\bin;E:\Program Files\Git\cmd;E:\studies\Own studies\Testing\npm;C:\Users\Sage\AppData\Local\Microsoft\WindowsApps;C:\Users\Sage\AppData\Local\GitHubDesktop\bin;C:\Users\Sage\AppData\Local\Microsoft\WindowsApps;E:\Program Files\vs\Microsoft VS Code\bin;C:\Users\Sage\AppData\Local\Yarn\bin;C:\Users\Sage\AppData\Roaming\npm;E:\Program Files\Git\usr\bin\vendor_perl;E:\Program Files\Git\usr\bin\core_perl

Yarn version: 
  1.17.3

Node version: 
  10.16.3

Platform: 
  win32 x64

Trace: 
  Error: EPERM: operation not permitted, unlink 'D:\Git\projectWebdriverIO\node_modules\.bin\wdio'

npm manifest: 
  {
    "name": "projectwebdriverio",
    "version": "1.0.0",
    "description": "Automated UI test for trivaho",
    "main": "index.js",
    "directories": {
      "test": "tests"
    },
    "dependencies": {
      "chai": "^4.2.0"
    },
    "devDependencies": {
      "mocha": "^6.2.0"
    },
    "scripts": {
      "test": "wdio"
    },
    "repository": {
      "type": "git",
      "url": "git+https://github.com/001anj/projectWebdriverIO.git"
    },
    "author": "Anjo",
    "license": "ISC",
    "bugs": {
      "url": "https://github.com/001anj/projectWebdriverIO/issues"
    },
    "homepage": "https://github.com/001anj/projectWebdriverIO#readme"
  }

yarn manifest: 
  No manifest

Lockfile: 
  No lockfile
